This is pdfTeX, Version 3.141592653-2.6-1.40.25 (TeX Live 2023/Debian) (preloaded format=pdflatex 2026.4.22)  1 MAY 2026 17:41
entering extended mode
 restricted \write18 enabled.
 %&-line parsing enabled.
**enclawed.tex
(./enclawed.tex
LaTeX2e <2023-11-01> patch level 1
L3 programming layer <2024-01-22>
(/usr/share/texlive/texmf-dist/tex/latex/base/article.cls
Document Class: article 2023/05/17 v1.4n Standard LaTeX document class
(/usr/share/texlive/texmf-dist/tex/latex/base/size11.clo
File: size11.clo 2023/05/17 v1.4n Standard LaTeX file (size option)
)
\c@part=\count187
\c@section=\count188
\c@subsection=\count189
\c@subsubsection=\count190
\c@paragraph=\count191
\c@subparagraph=\count192
\c@figure=\count193
\c@table=\count194
\abovecaptionskip=\skip48
\belowcaptionskip=\skip49
\bibindent=\dimen140
)
(/usr/share/texlive/texmf-dist/tex/latex/geometry/geometry.sty
Package: geometry 2020/01/02 v5.9 Page Geometry

(/usr/share/texlive/texmf-dist/tex/latex/graphics/keyval.sty
Package: keyval 2022/05/29 v1.15 key=value parser (DPC)
\KV@toks@=\toks17
)
(/usr/share/texlive/texmf-dist/tex/generic/iftex/ifvtex.sty
Package: ifvtex 2019/10/25 v1.7 ifvtex legacy package. Use iftex instead.

(/usr/share/texlive/texmf-dist/tex/generic/iftex/iftex.sty
Package: iftex 2022/02/03 v1.0f TeX engine tests
))
\Gm@cnth=\count195
\Gm@cntv=\count196
\c@Gm@tempcnt=\count197
\Gm@bindingoffset=\dimen141
\Gm@wd@mp=\dimen142
\Gm@odd@mp=\dimen143
\Gm@even@mp=\dimen144
\Gm@layoutwidth=\dimen145
\Gm@layoutheight=\dimen146
\Gm@layouthoffset=\dimen147
\Gm@layoutvoffset=\dimen148
\Gm@dimlist=\toks18
)
(/usr/share/texlive/texmf-dist/tex/latex/base/fontenc.sty
Package: fontenc 2021/04/29 v2.0v Standard LaTeX package
)
(/usr/share/texlive/texmf-dist/tex/latex/base/inputenc.sty
Package: inputenc 2021/02/14 v1.3d Input encoding file
\inpenc@prehook=\toks19
\inpenc@posthook=\toks20
)
(/usr/share/texmf/tex/latex/lm/lmodern.sty
Package: lmodern 2015/05/01 v1.6.1 Latin Modern Fonts
LaTeX Font Info:    Overwriting symbol font `operators' in version `normal'
(Font)                  OT1/cmr/m/n --> OT1/lmr/m/n on input line 22.
LaTeX Font Info:    Overwriting symbol font `letters' in version `normal'
(Font)                  OML/cmm/m/it --> OML/lmm/m/it on input line 23.
LaTeX Font Info:    Overwriting symbol font `symbols' in version `normal'
(Font)                  OMS/cmsy/m/n --> OMS/lmsy/m/n on input line 24.
LaTeX Font Info:    Overwriting symbol font `largesymbols' in version `normal'
(Font)                  OMX/cmex/m/n --> OMX/lmex/m/n on input line 25.
LaTeX Font Info:    Overwriting symbol font `operators' in version `bold'
(Font)                  OT1/cmr/bx/n --> OT1/lmr/bx/n on input line 26.
LaTeX Font Info:    Overwriting symbol font `letters' in version `bold'
(Font)                  OML/cmm/b/it --> OML/lmm/b/it on input line 27.
LaTeX Font Info:    Overwriting symbol font `symbols' in version `bold'
(Font)                  OMS/cmsy/b/n --> OMS/lmsy/b/n on input line 28.
LaTeX Font Info:    Overwriting symbol font `largesymbols' in version `bold'
(Font)                  OMX/cmex/m/n --> OMX/lmex/m/n on input line 29.
LaTeX Font Info:    Overwriting math alphabet `\mathbf' in version `normal'
(Font)                  OT1/cmr/bx/n --> OT1/lmr/bx/n on input line 31.
LaTeX Font Info:    Overwriting math alphabet `\mathsf' in version `normal'
(Font)                  OT1/cmss/m/n --> OT1/lmss/m/n on input line 32.
LaTeX Font Info:    Overwriting math alphabet `\mathit' in version `normal'
(Font)                  OT1/cmr/m/it --> OT1/lmr/m/it on input line 33.
LaTeX Font Info:    Overwriting math alphabet `\mathtt' in version `normal'
(Font)                  OT1/cmtt/m/n --> OT1/lmtt/m/n on input line 34.
LaTeX Font Info:    Overwriting math alphabet `\mathbf' in version `bold'
(Font)                  OT1/cmr/bx/n --> OT1/lmr/bx/n on input line 35.
LaTeX Font Info:    Overwriting math alphabet `\mathsf' in version `bold'
(Font)                  OT1/cmss/bx/n --> OT1/lmss/bx/n on input line 36.
LaTeX Font Info:    Overwriting math alphabet `\mathit' in version `bold'
(Font)                  OT1/cmr/bx/it --> OT1/lmr/bx/it on input line 37.
LaTeX Font Info:    Overwriting math alphabet `\mathtt' in version `bold'
(Font)                  OT1/cmtt/m/n --> OT1/lmtt/m/n on input line 38.
)
(/usr/share/texlive/texmf-dist/tex/latex/amsmath/amsmath.sty
Package: amsmath 2023/05/13 v2.17o AMS math features
\@mathmargin=\skip50

For additional information on amsmath, use the `?' option.
(/usr/share/texlive/texmf-dist/tex/latex/amsmath/amstext.sty
Package: amstext 2021/08/26 v2.01 AMS text

(/usr/share/texlive/texmf-dist/tex/latex/amsmath/amsgen.sty
File: amsgen.sty 1999/11/30 v2.0 generic functions
\@emptytoks=\toks21
\ex@=\dimen149
))
(/usr/share/texlive/texmf-dist/tex/latex/amsmath/amsbsy.sty
Package: amsbsy 1999/11/29 v1.2d Bold Symbols
\pmbraise@=\dimen150
)
(/usr/share/texlive/texmf-dist/tex/latex/amsmath/amsopn.sty
Package: amsopn 2022/04/08 v2.04 operator names
)
\inf@bad=\count198
LaTeX Info: Redefining \frac on input line 234.
\uproot@=\count199
\leftroot@=\count266
LaTeX Info: Redefining \overline on input line 399.
LaTeX Info: Redefining \colon on input line 410.
\classnum@=\count267
\DOTSCASE@=\count268
LaTeX Info: Redefining \ldots on input line 496.
LaTeX Info: Redefining \dots on input line 499.
LaTeX Info: Redefining \cdots on input line 620.
\Mathstrutbox@=\box51
\strutbox@=\box52
LaTeX Info: Redefining \big on input line 722.
LaTeX Info: Redefining \Big on input line 723.
LaTeX Info: Redefining \bigg on input line 724.
LaTeX Info: Redefining \Bigg on input line 725.
\big@size=\dimen151
LaTeX Font Info:    Redeclaring font encoding OML on input line 743.
LaTeX Font Info:    Redeclaring font encoding OMS on input line 744.
\macc@depth=\count269
LaTeX Info: Redefining \bmod on input line 905.
LaTeX Info: Redefining \pmod on input line 910.
LaTeX Info: Redefining \smash on input line 940.
LaTeX Info: Redefining \relbar on input line 970.
LaTeX Info: Redefining \Relbar on input line 971.
\c@MaxMatrixCols=\count270
\dotsspace@=\muskip16
\c@parentequation=\count271
\dspbrk@lvl=\count272
\tag@help=\toks22
\row@=\count273
\column@=\count274
\maxfields@=\count275
\andhelp@=\toks23
\eqnshift@=\dimen152
\alignsep@=\dimen153
\tagshift@=\dimen154
\tagwidth@=\dimen155
\totwidth@=\dimen156
\lineht@=\dimen157
\@envbody=\toks24
\multlinegap=\skip51
\multlinetaggap=\skip52
\mathdisplay@stack=\toks25
LaTeX Info: Redefining \[ on input line 2953.
LaTeX Info: Redefining \] on input line 2954.
)
(/usr/share/texlive/texmf-dist/tex/latex/amsfonts/amssymb.sty
Package: amssymb 2013/01/14 v3.01 AMS font symbols

(/usr/share/texlive/texmf-dist/tex/latex/amsfonts/amsfonts.sty
Package: amsfonts 2013/01/14 v3.01 Basic AMSFonts support
\symAMSa=\mathgroup4
\symAMSb=\mathgroup5
LaTeX Font Info:    Redeclaring math symbol \hbar on input line 98.
LaTeX Font Info:    Overwriting math alphabet `\mathfrak' in version `bold'
(Font)                  U/euf/m/n --> U/euf/b/n on input line 106.
))
(/usr/share/texlive/texmf-dist/tex/latex/tools/verbatim.sty
Package: verbatim 2023-11-06 v1.5v LaTeX2e package for verbatim enhancements
\every@verbatim=\toks26
\verbatim@line=\toks27
\verbatim@in@stream=\read2
)
(/usr/share/texlive/texmf-dist/tex/latex/url/url.sty
\Urlmuskip=\muskip17
Package: url 2013/09/16  ver 3.4  Verb mode for urls, etc.
)
(/usr/share/texlive/texmf-dist/tex/latex/graphics/graphicx.sty
Package: graphicx 2021/09/16 v1.2d Enhanced LaTeX Graphics (DPC,SPQR)

(/usr/share/texlive/texmf-dist/tex/latex/graphics/graphics.sty
Package: graphics 2022/03/10 v1.4e Standard LaTeX Graphics (DPC,SPQR)

(/usr/share/texlive/texmf-dist/tex/latex/graphics/trig.sty
Package: trig 2021/08/11 v1.11 sin cos tan (DPC)
)
(/usr/share/texlive/texmf-dist/tex/latex/graphics-cfg/graphics.cfg
File: graphics.cfg 2016/06/04 v1.11 sample graphics configuration
)
Package graphics Info: Driver file: pdftex.def on input line 107.

(/usr/share/texlive/texmf-dist/tex/latex/graphics-def/pdftex.def
File: pdftex.def 2022/09/22 v1.2b Graphics/color driver for pdftex
))
\Gin@req@height=\dimen158
\Gin@req@width=\dimen159
)
(/usr/share/texlive/texmf-dist/tex/latex/graphics/rotating.sty
Package: rotating 2016/08/11 v2.16d rotated objects in LaTeX

(/usr/share/texlive/texmf-dist/tex/latex/base/ifthen.sty
Package: ifthen 2022/04/13 v1.1d Standard LaTeX ifthen package (DPC)
)
\c@r@tfl@t=\count276
\rotFPtop=\skip53
\rotFPbot=\skip54
\rot@float@box=\box53
\rot@mess@toks=\toks28
)
LaTeX Font Info:    Trying to load font information for T1+lmr on input line 36
.

(/usr/share/texmf/tex/latex/lm/t1lmr.fd
File: t1lmr.fd 2015/05/01 v1.6.1 Font defs for Latin Modern
)
(/usr/share/texlive/texmf-dist/tex/latex/l3backend/l3backend-pdftex.def
File: l3backend-pdftex.def 2024-01-04 L3 backend support: PDF output (pdfTeX)
\l__color_backend_stack_int=\count277
\l__pdf_internal_box=\box54
)
(./enclawed.aux)
\openout1 = `enclawed.aux'.

LaTeX Font Info:    Checking defaults for OML/cmm/m/it on input line 36.
LaTeX Font Info:    ... okay on input line 36.
LaTeX Font Info:    Checking defaults for OMS/cmsy/m/n on input line 36.
LaTeX Font Info:    ... okay on input line 36.
LaTeX Font Info:    Checking defaults for OT1/cmr/m/n on input line 36.
LaTeX Font Info:    ... okay on input line 36.
LaTeX Font Info:    Checking defaults for T1/cmr/m/n on input line 36.
LaTeX Font Info:    ... okay on input line 36.
LaTeX Font Info:    Checking defaults for TS1/cmr/m/n on input line 36.
LaTeX Font Info:    ... okay on input line 36.
LaTeX Font Info:    Checking defaults for OMX/cmex/m/n on input line 36.
LaTeX Font Info:    ... okay on input line 36.
LaTeX Font Info:    Checking defaults for U/cmr/m/n on input line 36.
LaTeX Font Info:    ... okay on input line 36.

*geometry* driver: auto-detecting
*geometry* detected driver: pdftex
*geometry* verbose mode - [ preamble ] result:
* driver: pdftex
* paper: a4paper
* layout: <same size as paper>
* layoutoffset:(h,v)=(0.0pt,0.0pt)
* modes: 
* h-part:(L,W,R)=(72.26999pt, 452.9679pt, 72.26999pt)
* v-part:(T,H,B)=(72.26999pt, 700.50687pt, 72.26999pt)
* \paperwidth=597.50787pt
* \paperheight=845.04684pt
* \textwidth=452.9679pt
* \textheight=700.50687pt
* \oddsidemargin=0.0pt
* \evensidemargin=0.0pt
* \topmargin=-37.0pt
* \headheight=12.0pt
* \headsep=25.0pt
* \topskip=11.0pt
* \footskip=30.0pt
* \marginparwidth=59.0pt
* \marginparsep=10.0pt
* \columnsep=10.0pt
* \skip\footins=10.0pt plus 4.0pt minus 2.0pt
* \hoffset=0.0pt
* \voffset=0.0pt
* \mag=1000
* \@twocolumnfalse
* \@twosidefalse
* \@mparswitchfalse
* \@reversemarginfalse
* (1in=72.27pt=25.4mm, 1cm=28.453pt)

(/usr/share/texlive/texmf-dist/tex/context/base/mkii/supp-pdf.mkii
[Loading MPS to PDF converter (version 2006.09.02).]
\scratchcounter=\count278
\scratchdimen=\dimen160
\scratchbox=\box55
\nofMPsegments=\count279
\nofMParguments=\count280
\everyMPshowfont=\toks29
\MPscratchCnt=\count281
\MPscratchDim=\dimen161
\MPnumerator=\count282
\makeMPintoPDFobject=\count283
\everyMPtoPDFconversion=\toks30
) (/usr/share/texlive/texmf-dist/tex/latex/epstopdf-pkg/epstopdf-base.sty
Package: epstopdf-base 2020-01-24 v2.11 Base part for package epstopdf
Package epstopdf-base Info: Redefining graphics rule for `.eps' on input line 4
85.

(/usr/share/texlive/texmf-dist/tex/latex/latexconfig/epstopdf-sys.cfg
File: epstopdf-sys.cfg 2010/07/13 v1.3 Configuration of (r)epstopdf for TeX Liv
e
))
LaTeX Font Info:    Trying to load font information for OT1+lmr on input line 3
8.

(/usr/share/texmf/tex/latex/lm/ot1lmr.fd
File: ot1lmr.fd 2015/05/01 v1.6.1 Font defs for Latin Modern
)
LaTeX Font Info:    Trying to load font information for OML+lmm on input line 3
8.

(/usr/share/texmf/tex/latex/lm/omllmm.fd
File: omllmm.fd 2015/05/01 v1.6.1 Font defs for Latin Modern
)
LaTeX Font Info:    Trying to load font information for OMS+lmsy on input line 
38.

(/usr/share/texmf/tex/latex/lm/omslmsy.fd
File: omslmsy.fd 2015/05/01 v1.6.1 Font defs for Latin Modern
)
LaTeX Font Info:    Trying to load font information for OMX+lmex on input line 
38.

(/usr/share/texmf/tex/latex/lm/omxlmex.fd
File: omxlmex.fd 2015/05/01 v1.6.1 Font defs for Latin Modern
)
LaTeX Font Info:    External font `lmex10' loaded for size
(Font)              <12> on input line 38.
LaTeX Font Info:    External font `lmex10' loaded for size
(Font)              <8> on input line 38.
LaTeX Font Info:    External font `lmex10' loaded for size
(Font)              <6> on input line 38.
LaTeX Font Info:    Trying to load font information for U+msa on input line 38.


(/usr/share/texlive/texmf-dist/tex/latex/amsfonts/umsa.fd
File: umsa.fd 2013/01/14 v3.01 AMS symbols A
)
LaTeX Font Info:    Trying to load font information for U+msb on input line 38.


(/usr/share/texlive/texmf-dist/tex/latex/amsfonts/umsb.fd
File: umsb.fd 2013/01/14 v3.01 AMS symbols B
)
LaTeX Font Info:    Trying to load font information for T1+lmtt on input line 3
8.

(/usr/share/texmf/tex/latex/lm/t1lmtt.fd
File: t1lmtt.fd 2015/05/01 v1.6.1 Font defs for Latin Modern
)
LaTeX Font Info:    External font `lmex10' loaded for size
(Font)              <10> on input line 71.
LaTeX Font Info:    External font `lmex10' loaded for size
(Font)              <7> on input line 71.
LaTeX Font Info:    External font `lmex10' loaded for size
(Font)              <5> on input line 71.
 [1

{/var/lib/texmf/fonts/map/pdftex/updmap/pdftex.map}{/usr/share/texmf/fonts/enc/
dvips/lm/lm-ec.enc}{/usr/share/texmf/fonts/enc/dvips/lm/lm-mathsy.enc}]
LaTeX Font Info:    Trying to load font information for TS1+lmr on input line 1
56.
 (/usr/share/texmf/tex/latex/lm/ts1lmr.fd
File: ts1lmr.fd 2015/05/01 v1.6.1 Font defs for Latin Modern
)
[2{/usr/share/texmf/fonts/enc/dvips/lm/lm-ts1.enc}] [3]
LaTeX Font Info:    External font `lmex10' loaded for size
(Font)              <10.95> on input line 251.
 [4{/usr/share/texmf/fonts/enc/dvips/lm/lm-mathit.enc}] [5]
LaTeX Font Info:    External font `lmex10' loaded for size
(Font)              <9> on input line 440.

Underfull \hbox (badness 5217) in paragraph at lines 440--440
[]\T1/lmr/bx/n/9 Primary prop-
 []


Underfull \hbox (badness 10000) in paragraph at lines 440--440
[]\T1/lmr/m/n/9 integrity via
 []


Underfull \hbox (badness 10000) in paragraph at lines 440--440
[]\T1/lmr/m/n/9 overengineered for chat-
 []


Underfull \hbox (badness 6300) in paragraph at lines 440--440
\T1/lmr/m/n/9 mediated AI; as-sumes app-
 []


Underfull \hbox (badness 6725) in paragraph at lines 440--440
[]\T1/lmr/m/n/9 inspires the roll-back
 []


Underfull \hbox (badness 2237) in paragraph at lines 440--440
[]\T1/lmr/m/n/9 dynamic conflict-
 []


Underfull \hbox (badness 2302) in paragraph at lines 440--440
[]\T1/lmr/m/n/9 sector-specific (fi-nan-cial); or-
 []


Underfull \hbox (badness 10000) in paragraph at lines 440--440
[]\T1/lmr/m/n/9 general ex-pres-
 []


Underfull \hbox (badness 10000) in paragraph at lines 440--440
[]\T1/lmr/m/n/9 Role-based ac-cess con-trol
 []


Underfull \hbox (badness 1755) in paragraph at lines 440--440
[]\T1/lmr/m/n/9 role-based au-tho-
 []


Underfull \hbox (badness 10000) in paragraph at lines 440--440
[]\T1/lmr/m/n/9 rejected as pri-mary
 []


Underfull \hbox (badness 6808) in paragraph at lines 440--440
[]\T1/lmr/m/n/9 attribute ex-pres-
 []


Underfull \hbox (badness 3536) in paragraph at lines 440--440
[]\T1/lmr/m/n/9 adopted within com-
 []

[6]
Underfull \hbox (badness 10000) in paragraph at lines 592--592
[]\T1/lmr/m/n/10 Channel/provider/host
 []


Underfull \hbox (badness 10000) in paragraph at lines 596--596
[]\T1/lmr/m/n/10 Signer-clearance ap-
 []


Underfull \hbox (badness 10000) in paragraph at lines 600--600
[]\T1/lmr/m/n/10 Trust root mu-ta-tion
 []


Underfull \hbox (badness 5260) in paragraph at lines 602--602
[]\T1/lmtt/m/n/10 globalThis.fetch \T1/lmr/m/n/10 re-
 []

[7] [8] [9]
Underfull \hbox (badness 1394) in paragraph at lines 672--681
\T1/lmr/m/n/10.95 The frame-work is de-liv-ered in two par-al-lel sur-faces: a 
Type-Script (TS) twin un-der
 []


Underfull \hbox (badness 1057) in paragraph at lines 736--742
[]\T1/lmr/m/it/10.95 Concurrent-write safety. \T1/lmtt/m/n/10.95 append() \T1/l
mr/m/n/10.95 chains ev-ery write onto an in-ter-nal \T1/lmtt/m/n/10.95 Promise
 []

[10{/usr/share/texmf/fonts/enc/dvips/lm/lm-rm.enc}]
Underfull \hbox (badness 3312) in paragraph at lines 787--801
 \T1/lmr/bx/n/10.95 VPN-only mode.[] \T1/lmr/m/n/10.95 The enclaved-flavor pol-
icy (\T1/lmtt/m/n/10.95 defaultEnclavedPolicy\T1/lmr/m/n/10.95 ) de-faults to
 []

[11]
Underfull \hbox (badness 1430) in paragraph at lines 858--870
\T1/lmtt/m/n/10.95 healthcare-hipaa \T1/lmr/m/n/10.95 (PHI / Sensitive-PHI / Re
search-Embargoed), \T1/lmtt/m/n/10.95 financial-services
 []

[12]
Underfull \hbox (badness 2707) in paragraph at lines 926--936
[]\T1/lmr/m/n/10.95 The \T1/lmtt/m/n/10.95 HitlController \T1/lmr/m/n/10.95 mai
n-tains the ses-sion reg-istry, the ap-proval queue, and a
 []


Underfull \hbox (badness 1097) in paragraph at lines 926--936
\T1/lmtt/m/n/10.95 stopAll(reason) \T1/lmr/m/n/10.95 mass-halt op-er-a-tion. Ev
-ery state tran-si-tion and ev-ery ap-proval re-
 []

[13]
Underfull \hbox (badness 1975) in paragraph at lines 1048--1048
[]\T1/lmr/m/n/10.95 Table 6: Built-in clas-si-fi-ca-tion schemes (col-umn head-
ers are scheme ids; rank-4 of
 []

[14]
Underfull \hbox (badness 1009) in paragraph at lines 1132--1133
[]\T1/lmr/m/n/10 enclaved/open de-faults, al-lowlist en-
 []


Underfull \hbox (badness 3646) in paragraph at lines 1150--1151
\T1/lmr/m/n/10 pause/resume/stop, ap-proval queue,
 []


Underfull \hbox (badness 1107) in paragraph at lines 1175--1176
[]\T1/lmr/m/n/10 in-place edit, tail trun-ca-tion (doc-u-mented
 []


Underfull \hbox (badness 1803) in paragraph at lines 1179--1180
[]\T1/lmr/m/n/10 hostname case nor-mal-iza-tion, Host-header
 []


Underfull \hbox (badness 4927) in paragraph at lines 1179--1180
\T1/lmr/m/n/10 spoof-ing, em-bed-ded cre-den-tials, IPv4-in-
 []


Underfull \hbox (badness 2065) in paragraph at lines 1179--1180
\T1/lmr/m/n/10 IPv6, file:/data: schemes, fetch re-as-sign
 []


Underfull \hbox (badness 10000) in paragraph at lines 1181--1182
[]\T1/lmr/m/n/10 setTrustRoot af-ter lock,
 []


Underfull \hbox (badness 10000) in paragraph at lines 1181--1182
\T1/lmtt/m/n/10 __proto__\T1/lmr/m/n/10 /constructor pol-lu-tion, du-pli-
 []


Underfull \hbox (badness 10000) in paragraph at lines 1181--1182
\T1/lmr/m/n/10 cate nor-mal-ized names, non-contiguous
 []


Underfull \hbox (badness 10000) in paragraph at lines 1189--1190
\T1/lmtt/m/n/10 net.createConnection \T1/lmr/m/n/10 (normalized-array
 []


Underfull \hbox (badness 1484) in paragraph at lines 1189--1190
\T1/lmr/m/n/10 form), \T1/lmtt/m/n/10 http.request \T1/lmr/m/n/10 to lit-eral I
Ps, sub-
 []


Underfull \hbox (badness 10000) in paragraph at lines 1189--1190
\T1/lmr/m/n/10 classed \T1/lmtt/m/n/10 Socket\T1/lmr/m/n/10 , VPN-CIDR bound-ar
y,
 []


Underfull \hbox (badness 2057) in paragraph at lines 1191--1192
[]\T1/lmr/m/n/10 per-field record ed-its, record-Hash forgery
 []


Underfull \hbox (badness 10000) in paragraph at lines 1193--1194
\T1/lmtt/m/n/10 netAllowedHosts \T1/lmr/m/n/10 re-jected, un-signed in
 []


Underfull \hbox (badness 10000) in paragraph at lines 1193--1194
\T1/lmr/m/n/10 en-claved re-jected, signer-not-in-trust-root
 []


Underfull \hbox (badness 10000) in paragraph at lines 1193--1194
\T1/lmr/m/n/10 re-jected, post-signing tam-per caught
 []


Underfull \hbox (badness 5417) in paragraph at lines 1193--1194
\T1/lmr/m/n/10 (canon-i-cal bytes cover \T1/lmtt/m/n/10 verification \T1/lmr/m/
n/10 +
 []


Underfull \hbox (badness 10000) in paragraph at lines 1193--1194
\T1/lmtt/m/n/10 netAllowedHosts\T1/lmr/m/n/10 ), \T1/lmtt/m/n/10 net.egress \T1
/lmr/m/n/10 be-low
 []

[15] [16]
Underfull \hbox (badness 1270) in paragraph at lines 1234--1240
[]\T1/lmtt/m/n/10.95 egress-guard \T1/lmr/m/n/10.95 --- a hos-tile ex-ten-sion 
could re-as-sign the fetch wrap-per or patch
 []


Underfull \hbox (badness 1033) in paragraph at lines 1281--1287
\T1/lmr/m/n/10.95 Perez and Ribeiro [21] cat-a-logued early at-tack pat-terns; 
Schul-hoff et al. [22] demon-
 []


Underfull \hbox (badness 1205) in paragraph at lines 1281--1287
\T1/lmr/m/n/10.95 strated competition-grade jail-breaks. en-clawed's \T1/lmtt/m
/n/10.95 prompt-shield \T1/lmr/m/n/10.95 mod-ule ad-dresses the
 []

[17] [18] [19]
Underfull \hbox (badness 10000) in paragraph at lines 1537--1541
[]\T1/lmr/m/n/10.95 OWASP Foun-da-tion. \T1/lmr/m/it/10.95 OWASP Top 10 for Lar
ge Lan-
 []


Underfull \hbox (badness 10000) in paragraph at lines 1537--1541
\T1/lmr/m/it/10.95 guage Model Ap-pli-ca-tions\T1/lmr/m/n/10.95 , 2025 edi-tion
. $\T1/lmtt/m/n/10.95 https : / / owasp . org /
 []

[20] [21] [22] [23] (./enclawed.aux)
 ***********
LaTeX2e <2023-11-01> patch level 1
L3 programming layer <2024-01-22>
 ***********
 ) 
Here is how much of TeX's memory you used:
 3969 strings out of 474222
 58114 string characters out of 5748733
 1951975 words of memory out of 5000000
 26136 multiletter control sequences out of 15000+600000
 673119 words of font info for 107 fonts, out of 8000000 for 9000
 1141 hyphenation exceptions out of 8191
 57i,12n,65p,620b,372s stack positions out of 10000i,1000n,20000p,200000b,200000s
</usr/share/texmf/fonts/type1/public/lm/lmbx10.pfb></usr/share/texmf/fonts/ty
pe1/public/lm/lmbx12.pfb></usr/share/texmf/fonts/type1/public/lm/lmbx8.pfb></us
r/share/texmf/fonts/type1/public/lm/lmbx9.pfb></usr/share/texmf/fonts/type1/pub
lic/lm/lmmi10.pfb></usr/share/texmf/fonts/type1/public/lm/lmmi8.pfb></usr/share
/texmf/fonts/type1/public/lm/lmr10.pfb></usr/share/texmf/fonts/type1/public/lm/
lmr12.pfb></usr/share/texmf/fonts/type1/public/lm/lmr17.pfb></usr/share/texmf/f
onts/type1/public/lm/lmr8.pfb></usr/share/texmf/fonts/type1/public/lm/lmr9.pfb>
</usr/share/texmf/fonts/type1/public/lm/lmri10.pfb></usr/share/texmf/fonts/type
1/public/lm/lmsy10.pfb></usr/share/texmf/fonts/type1/public/lm/lmsy9.pfb></usr/
share/texmf/fonts/type1/public/lm/lmtt10.pfb></usr/share/texmf/fonts/type1/publ
ic/lm/lmtt12.pfb></usr/share/texmf/fonts/type1/public/lm/lmtti10.pfb></usr/shar
e/texlive/texmf-dist/fonts/type1/public/amsfonts/symbols/msam10.pfb>
Output written on enclawed.pdf (23 pages, 482402 bytes).
PDF statistics:
 183 PDF objects out of 1000 (max. 8388607)
 117 compressed objects within 2 object streams
 0 named destinations out of 1000 (max. 500000)
 1 words of extra memory for PDF output out of 10000 (max. 10000000)

